<?xml version="1.0" encoding="UTF-8" ?>
<testsuites disabled="0" errors="0" failures="0" tests="3" time="0.012">
 <testsuite name=" testing validators " timestamp="2020-04-21T09:52:06" hostname="localhost" time="0.012" errors="0" tests="3" skipped="0" disabled="0" failures="0">
  <testcase classname=" testing validators " name="email wrong format" time="0.003" />
  <testcase classname=" testing validators " name="password testing format" time="0.002" />
  <testcase classname=" testing validators " name="email correct format" time="0.001" />
 </testsuite>
</testsuites>